Using pre-set license
Built from '2020.2/release' branch; Version is '2020.2.2f1 (068178b99f32) revision 426360'; Using compiler version '192528614'; Build Type 'Release'
OS: 'Windows 10 Home; OS build 19043.1288; Version 2009; 64bit' Language: 'en' Physical Memory: 16326 MB
BatchMode: 1, IsHumanControllingUs: 0, StartBugReporterOnCrash: 0, Is64bit: 1, IsPro: 0

 COMMAND LINE ARGUMENTS:
D:\Programs\Unity\Unity Editors\2020.2.2f1\Editor\Unity.exe
-adb2
-batchMode
-noUpm
-name
AssetImportWorker0
-projectPath
D:/Code/GitHub/Cortex/Cortex
-logFile
Logs/AssetImportWorker0.log
-srvPort
52204
Successfully changed project path to: D:/Code/GitHub/Cortex/Cortex
D:/Code/GitHub/Cortex/Cortex
Using Asset Import Pipeline V2.
Refreshing native plugins compatible for Editor in 38.97 ms, found 0 plugins.
Preloading 0 native plugins for Editor in 0.00 ms.
Initialize engine version: 2020.2.2f1 (068178b99f32)
[Subsystems] Discovering subsystems at path D:/Programs/Unity/Unity Editors/2020.2.2f1/Editor/Data/Resources/UnitySubsystems
[Subsystems] Discovering subsystems at path D:/Code/GitHub/Cortex/Cortex/Assets
GfxDevice: creating device client; threaded=0
Direct3D:
    Version:  Direct3D 11.0 [level 11.1]
    Renderer: NVIDIA GeForce RTX 3060 Ti (ID=0x2486)
    Vendor:   
    VRAM:     8050 MB
    Driver:   30.0.14.7212
Shader 'Universal Render Pipeline/Particles/Lit': fallback shader 'Universal Render Pipeline/Particles/SimpleLit' not found
Initialize mono
Mono path[0] = 'D:/Programs/Unity/Unity Editors/2020.2.2f1/Editor/Data/Managed'
Mono path[1] = 'D:/Programs/Unity/Unity Editors/2020.2.2f1/Editor/Data/MonoBleedingEdge/lib/mono/unityjit'
Mono config path = 'D:/Programs/Unity/Unity Editors/2020.2.2f1/Editor/Data/MonoBleedingEdge/etc'
Using monoOptions --debugger-agent=transport=dt_socket,embedding=1,server=y,suspend=n,address=127.0.0.1:56680
Begin MonoManager ReloadAssembly
Registering precompiled unity dll's ...
Register platform support module: D:/Programs/Unity/Unity Editors/2020.2.2f1/Editor/Data/PlaybackEngines/WindowsStandaloneSupport/UnityEditor.WindowsStandalone.Extensions.dll
Registered in 0.001383 seconds.
Native extension for WindowsStandalone target not found
Refreshing native plugins compatible for Editor in 38.27 ms, found 0 plugins.
Preloading 0 native plugins for Editor in 0.00 ms.
Invoked RoslynAnalysisRunner static constructor.
RoslynAnalysisRunner will not be running.
RoslynAnalysisRunner has terminated.
Mono: successfully reloaded assembly
- Completed reload, in  0.765 seconds
Platform modules already initialized, skipping
Registering precompiled user dll's ...
Registered in 0.001079 seconds.
Begin MonoManager ReloadAssembly
Native extension for WindowsStandalone target not found
Refreshing native plugins compatible for Editor in 38.48 ms, found 0 plugins.
Preloading 0 native plugins for Editor in 0.00 ms.
Invoked RoslynAnalysisRunner static constructor.
RoslynAnalysisRunner will not be running.
RoslynAnalysisRunner has terminated.
Mono: successfully reloaded assembly
- Completed reload, in  0.753 seconds
Platform modules already initialized, skipping
========================================================================
Worker process is ready to serve import requests
Shader 'Universal Render Pipeline/Particles/Lit': fallback shader 'Universal Render Pipeline/Particles/SimpleLit' not found
Launched and connected shader compiler UnityShaderCompiler.exe after 0.03 seconds
Refreshing native plugins compatible for Editor in 0.64 ms, found 0 plugins.
Preloading 0 native plugins for Editor in 0.00 ms.
Unloading 2371 Unused Serialized files (Serialized files now loaded: 0)
System memory in use before: 193.7 MB.
System memory in use after: 156.8 MB.

Unloading 11 unused Assets to reduce memory usage. Loaded Objects now: 2834.
Total: 2.937600 ms (FindLiveObjects: 0.386100 ms CreateObjectMapping: 0.128600 ms MarkObjects: 2.324000 ms  DeleteObjects: 0.096700 ms)

========================================================================
Received Import Request.
  path: Assets/Assets/Materials/New Material 1.mat
  artifactKey: Guid(197a0bc17262a4148ae008a48c26ba48) Importer(815301076,1909f56bfc062723c751e8b465ee728b)
Start importing Assets/Assets/Materials/New Material 1.mat using Guid(197a0bc17262a4148ae008a48c26ba48) Importer(815301076,1909f56bfc062723c751e8b465ee728b)  -> (artifact id: '809aa83303c8053eca026b53ae642d48') in 0.101230 seconds
  Import took 0.104411 seconds .

========================================================================
Received Import Request.
  Time since last request: 0.000302 seconds.
  path: Assets/Assets/Materials/rick 2.mat
  artifactKey: Guid(af58fc784892289459d4d315a64097c3) Importer(815301076,1909f56bfc062723c751e8b465ee728b)
Start importing Assets/Assets/Materials/rick 2.mat using Guid(af58fc784892289459d4d315a64097c3) Importer(815301076,1909f56bfc062723c751e8b465ee728b)  -> (artifact id: 'ed44bb47895ed96681e4df0b3f656df4') in 0.011579 seconds
  Import took 0.014641 seconds .

========================================================================
Received Import Request.
  Time since last request: 0.000206 seconds.
  path: Assets/Assets/Materials/New Material 2.mat
  artifactKey: Guid(a2a357c595e17a84e89e9e07b1849fba) Importer(815301076,1909f56bfc062723c751e8b465ee728b)
Start importing Assets/Assets/Materials/New Material 2.mat using Guid(a2a357c595e17a84e89e9e07b1849fba) Importer(815301076,1909f56bfc062723c751e8b465ee728b)  -> (artifact id: '1ba5c8d5223162af69349af8821dbfc9') in 0.009229 seconds
  Import took 0.012470 seconds .

========================================================================
Received Import Request.
  Time since last request: 0.000230 seconds.
  path: Assets/Assets/Materials/New Material.mat
  artifactKey: Guid(2e9dc3127d19cb64c98a0df0cae8b93e) Importer(815301076,1909f56bfc062723c751e8b465ee728b)
Start importing Assets/Assets/Materials/New Material.mat using Guid(2e9dc3127d19cb64c98a0df0cae8b93e) Importer(815301076,1909f56bfc062723c751e8b465ee728b)  -> (artifact id: '0bceb015757cb1c78efcc427fd1594f1') in 0.016264 seconds
  Import took 0.019893 seconds .

========================================================================
Received Import Request.
  Time since last request: 0.000248 seconds.
  path: Assets/Assets/Materials/rick astley.mat
  artifactKey: Guid(24e1114b27de8624cba99fc512d16214) Importer(815301076,1909f56bfc062723c751e8b465ee728b)
Start importing Assets/Assets/Materials/rick astley.mat using Guid(24e1114b27de8624cba99fc512d16214) Importer(815301076,1909f56bfc062723c751e8b465ee728b)  -> (artifact id: '66733a8218bfd5b721772034e2dce039') in 0.020671 seconds
  Import took 0.023975 seconds .

========================================================================
Received Import Request.
  Time since last request: 3.092738 seconds.
  path: Assets/Materials/Brick_Dark.mat
  artifactKey: Guid(ab83828df152e4e4ab3e529ffecf5bf7) Importer(815301076,1909f56bfc062723c751e8b465ee728b)
Start importing Assets/Materials/Brick_Dark.mat using Guid(ab83828df152e4e4ab3e529ffecf5bf7) Importer(815301076,1909f56bfc062723c751e8b465ee728b)  -> (artifact id: 'e656a5455e10cba2bface5de5e10af1b') in 0.016164 seconds
  Import took 0.019893 seconds .

========================================================================
Received Import Request.
  Time since last request: 0.000210 seconds.
  path: Assets/Materials/Metal.mat
  artifactKey: Guid(d76f59056a67aed43a4da6b849dc169b) Importer(815301076,1909f56bfc062723c751e8b465ee728b)
Start importing Assets/Materials/Metal.mat using Guid(d76f59056a67aed43a4da6b849dc169b) Importer(815301076,1909f56bfc062723c751e8b465ee728b)  -> (artifact id: '85f592dba8cd011124f266a9d2f19bcc') in 0.014773 seconds
  Import took 0.017872 seconds .

========================================================================
Received Import Request.
  Time since last request: 0.000207 seconds.
  path: Assets/Materials/New Material.mat
  artifactKey: Guid(da7a04ae753f32f448c8502e9c16de3c) Importer(815301076,1909f56bfc062723c751e8b465ee728b)
Start importing Assets/Materials/New Material.mat using Guid(da7a04ae753f32f448c8502e9c16de3c) Importer(815301076,1909f56bfc062723c751e8b465ee728b)  -> (artifact id: '5e8b43eebacc935db119c9fffd32eadd') in 0.010588 seconds
  Import took 0.013592 seconds .

========================================================================
Received Import Request.
  Time since last request: 0.000257 seconds.
  path: Assets/Materials/Smoke.mat
  artifactKey: Guid(87b6d58f8c03cf844af9b8b021750f35) Importer(815301076,1909f56bfc062723c751e8b465ee728b)
Start importing Assets/Materials/Smoke.mat using Guid(87b6d58f8c03cf844af9b8b021750f35) Importer(815301076,1909f56bfc062723c751e8b465ee728b)  -> (artifact id: 'a35453d13c3ddc42721d836b580cb8f1') in 0.036189 seconds
  Import took 0.039549 seconds .

========================================================================
Received Import Request.
  Time since last request: 0.000272 seconds.
  path: Assets/Materials/Brick_Dark.mat
  artifactKey: Guid(ab83828df152e4e4ab3e529ffecf5bf7) Importer(815301076,1909f56bfc062723c751e8b465ee728b)
Start importing Assets/Materials/Brick_Dark.mat using Guid(ab83828df152e4e4ab3e529ffecf5bf7) Importer(815301076,1909f56bfc062723c751e8b465ee728b)  -> (artifact id: 'e656a5455e10cba2bface5de5e10af1b') in 0.022813 seconds
  Import took 0.025904 seconds .

========================================================================
Received Import Request.
  Time since last request: 0.000246 seconds.
  path: Assets/Materials/Paint_White_Transparent.mat
  artifactKey: Guid(24979dc91e199554aa5ba97e04dff816) Importer(815301076,1909f56bfc062723c751e8b465ee728b)
Start importing Assets/Materials/Paint_White_Transparent.mat using Guid(24979dc91e199554aa5ba97e04dff816) Importer(815301076,1909f56bfc062723c751e8b465ee728b)  -> (artifact id: '8bbb4a935edacc94fd5e6f95fa64f657') in 0.022611 seconds
  Import took 0.025544 seconds .

========================================================================
Received Import Request.
  Time since last request: 0.000209 seconds.
  path: Assets/Materials/Rick Astley.mat
  artifactKey: Guid(4fcd26d3192710049994c0c739757add) Importer(815301076,1909f56bfc062723c751e8b465ee728b)
Start importing Assets/Materials/Rick Astley.mat using Guid(4fcd26d3192710049994c0c739757add) Importer(815301076,1909f56bfc062723c751e8b465ee728b)  -> (artifact id: '5119a93629df699388d0a9b77b7110cb') in 0.011657 seconds
  Import took 0.014649 seconds .

========================================================================
Received Import Request.
  Time since last request: 0.000194 seconds.
  path: Assets/Materials/Glitch 1.mat
  artifactKey: Guid(01b65ee6117054f479eddb1d436de5b0) Importer(815301076,1909f56bfc062723c751e8b465ee728b)
Start importing Assets/Materials/Glitch 1.mat using Guid(01b65ee6117054f479eddb1d436de5b0) Importer(815301076,1909f56bfc062723c751e8b465ee728b)  -> (artifact id: '87065da07cf80deb237704dfeaad4465') in 0.013260 seconds
  Import took 0.016391 seconds .

========================================================================
Received Import Request.
  Time since last request: 0.000252 seconds.
  path: Assets/Materials/Paint_White.mat
  artifactKey: Guid(29abd03208086a94e959456c547c8953) Importer(815301076,1909f56bfc062723c751e8b465ee728b)
Start importing Assets/Materials/Paint_White.mat using Guid(29abd03208086a94e959456c547c8953) Importer(815301076,1909f56bfc062723c751e8b465ee728b)  -> (artifact id: 'c4aa8402a5e943ca690dda2afb2a4958') in 0.008963 seconds
  Import took 0.011973 seconds .

========================================================================
Received Import Request.
  Time since last request: 0.000200 seconds.
  path: Assets/Materials/Paint_Blue_Transparent.mat
  artifactKey: Guid(a895426d71fbfee438d50cc8c8c4ab85) Importer(815301076,1909f56bfc062723c751e8b465ee728b)
Start importing Assets/Materials/Paint_Blue_Transparent.mat using Guid(a895426d71fbfee438d50cc8c8c4ab85) Importer(815301076,1909f56bfc062723c751e8b465ee728b)  -> (artifact id: 'c9cf13cfcb9782a98db5b6fbd74e75ce') in 0.009175 seconds
  Import took 0.012187 seconds .

========================================================================
Received Import Request.
  Time since last request: 0.000260 seconds.
  path: Assets/Materials/end.png
  artifactKey: Guid(0a413fd8adc3d0c47932f237a0dcaa74) Importer(815301076,1909f56bfc062723c751e8b465ee728b)
Start importing Assets/Materials/end.png using Guid(0a413fd8adc3d0c47932f237a0dcaa74) Importer(815301076,1909f56bfc062723c751e8b465ee728b)  -> (artifact id: '65bd3f26b86cdfa7ce315e30fa147ea5') in 0.042471 seconds
  Import took 0.045387 seconds .

========================================================================
Received Import Request.
  Time since last request: 0.000216 seconds.
  path: Assets/Materials/New Material 3.mat
  artifactKey: Guid(aa997f6186319eb4699e7b15a467fcfd) Importer(815301076,1909f56bfc062723c751e8b465ee728b)
Start importing Assets/Materials/New Material 3.mat using Guid(aa997f6186319eb4699e7b15a467fcfd) Importer(815301076,1909f56bfc062723c751e8b465ee728b)  -> (artifact id: 'ec35c47305cb6525dae46d90b6c6171b') in 0.009346 seconds
  Import took 0.012263 seconds .

========================================================================
Received Import Request.
  Time since last request: 0.000243 seconds.
  path: Assets/Materials/Paint_Blue.mat
  artifactKey: Guid(3fa7ec63b3c33954aac12123ea207dc3) Importer(815301076,1909f56bfc062723c751e8b465ee728b)
Start importing Assets/Materials/Paint_Blue.mat using Guid(3fa7ec63b3c33954aac12123ea207dc3) Importer(815301076,1909f56bfc062723c751e8b465ee728b)  -> (artifact id: '9708766538b6775e9e9bd9b06922ed47') in 0.008730 seconds
  Import took 0.012121 seconds .

========================================================================
Received Import Request.
  Time since last request: 0.000262 seconds.
  path: Assets/Materials/New Material 4.mat
  artifactKey: Guid(7484657bd8f3b3f4398b9046f57b83ac) Importer(815301076,1909f56bfc062723c751e8b465ee728b)
Start importing Assets/Materials/New Material 4.mat using Guid(7484657bd8f3b3f4398b9046f57b83ac) Importer(815301076,1909f56bfc062723c751e8b465ee728b)  -> (artifact id: 'fab5f6ed1d4e03e7abe64e9a48a080c8') in 0.007886 seconds
  Import took 0.011124 seconds .

========================================================================
Received Import Request.
  Time since last request: 0.000265 seconds.
  path: Assets/Materials/New Material 2.mat
  artifactKey: Guid(233a9ed3ef7022a42956097cae22f556) Importer(815301076,1909f56bfc062723c751e8b465ee728b)
Start importing Assets/Materials/New Material 2.mat using Guid(233a9ed3ef7022a42956097cae22f556) Importer(815301076,1909f56bfc062723c751e8b465ee728b)  -> (artifact id: '8c5491a4304aa12d6681d6347b0390c4') in 0.009132 seconds
  Import took 0.012346 seconds .

========================================================================
Received Import Request.
  Time since last request: 0.000340 seconds.
  path: Assets/Materials/SmokePuff.png
  artifactKey: Guid(3d4ba33a83ee92e459f028e22a1c84f7) Importer(815301076,1909f56bfc062723c751e8b465ee728b)
Start importing Assets/Materials/SmokePuff.png using Guid(3d4ba33a83ee92e459f028e22a1c84f7) Importer(815301076,1909f56bfc062723c751e8b465ee728b)  -> (artifact id: 'dd7955640ccbc1a76ad66e6225e1bcfa') in 0.009338 seconds
  Import took 0.012582 seconds .

========================================================================
Received Import Request.
  Time since last request: 0.000231 seconds.
  path: Assets/Materials/SmokePuffNormal.tif
  artifactKey: Guid(814d4c729385c2444a82db8f6a62f74b) Importer(815301076,1909f56bfc062723c751e8b465ee728b)
Start importing Assets/Materials/SmokePuffNormal.tif using Guid(814d4c729385c2444a82db8f6a62f74b) Importer(815301076,1909f56bfc062723c751e8b465ee728b)  -> (artifact id: '9f21137680441a0c22ae289dc1031d47') in 0.012286 seconds
  Import took 0.015331 seconds .

========================================================================
Received Import Request.
  Time since last request: 0.000227 seconds.
  path: Assets/Materials/Glass.mat
  artifactKey: Guid(9ae7acde9fe3b7f4d80b75c1d0fc6188) Importer(815301076,1909f56bfc062723c751e8b465ee728b)
Start importing Assets/Materials/Glass.mat using Guid(9ae7acde9fe3b7f4d80b75c1d0fc6188) Importer(815301076,1909f56bfc062723c751e8b465ee728b)  -> (artifact id: '382c167235e70b9b5f007b6471fe64d9') in 0.007909 seconds
  Import took 0.011327 seconds .

========================================================================
Received Import Request.
  Time since last request: 0.000180 seconds.
  path: Assets/Materials/Glitch.mat
  artifactKey: Guid(4f24b0adba1417548845fd789d9f70fc) Importer(815301076,1909f56bfc062723c751e8b465ee728b)
Start importing Assets/Materials/Glitch.mat using Guid(4f24b0adba1417548845fd789d9f70fc) Importer(815301076,1909f56bfc062723c751e8b465ee728b)  -> (artifact id: 'bc4f1704028ea6124f2b099e87322aac') in 0.008811 seconds
  Import took 0.012103 seconds .

========================================================================
Received Import Request.
  Time since last request: 189.894538 seconds.
  path: Assets/Materials/Tile_Large 1.mat
  artifactKey: Guid(a28918bf043fd0e4a8ef2dfb51fd3886) Importer(815301076,1909f56bfc062723c751e8b465ee728b)
Start importing Assets/Materials/Tile_Large 1.mat using Guid(a28918bf043fd0e4a8ef2dfb51fd3886) Importer(815301076,1909f56bfc062723c751e8b465ee728b)  -> (artifact id: '75e2c6b2f8e69f62035ef433be7fed1b') in 0.016933 seconds
  Import took 0.020825 seconds .

========================================================================
Received Prepare
Registering precompiled user dll's ...
Registered in 0.001115 seconds.
Begin MonoManager ReloadAssembly
Native extension for WindowsStandalone target not found
Refreshing native plugins compatible for Editor in 0.48 ms, found 0 plugins.
Preloading 0 native plugins for Editor in 0.00 ms.
Invoked RoslynAnalysisRunner static constructor.
RoslynAnalysisRunner will not be running.
RoslynAnalysisRunner has terminated.
Mono: successfully reloaded assembly
- Completed reload, in  0.855 seconds
Platform modules already initialized, skipping
Shader 'Universal Render Pipeline/Particles/Lit': fallback shader 'Universal Render Pipeline/Particles/SimpleLit' not found
Refreshing native plugins compatible for Editor in 0.42 ms, found 0 plugins.
Preloading 0 native plugins for Editor in 0.00 ms.
Unloading 2307 Unused Serialized files (Serialized files now loaded: 0)
System memory in use before: 193.5 MB.
System memory in use after: 193.7 MB.

Unloading 6 unused Assets to reduce memory usage. Loaded Objects now: 2880.
Total: 1.998200 ms (FindLiveObjects: 0.304700 ms CreateObjectMapping: 0.127200 ms MarkObjects: 1.512200 ms  DeleteObjects: 0.053000 ms)

========================================================================
Received Import Request.
  Time since last request: 1036.757672 seconds.
  path: Assets/Materials/Tile_Large 2.mat
  artifactKey: Guid(0cd56eab898b93f42b958e4fbd4414f4) Importer(815301076,1909f56bfc062723c751e8b465ee728b)
Start importing Assets/Materials/Tile_Large 2.mat using Guid(0cd56eab898b93f42b958e4fbd4414f4) Importer(815301076,1909f56bfc062723c751e8b465ee728b)  -> (artifact id: '5707965fb6484431a38fa4b7d5dfeb20') in 0.080697 seconds
  Import took 0.084589 seconds .

========================================================================
Received Prepare
Registering precompiled user dll's ...
Registered in 0.001034 seconds.
Begin MonoManager ReloadAssembly
Native extension for WindowsStandalone target not found
Refreshing native plugins compatible for Editor in 0.37 ms, found 0 plugins.
Preloading 0 native plugins for Editor in 0.00 ms.
Invoked RoslynAnalysisRunner static constructor.
RoslynAnalysisRunner will not be running.
RoslynAnalysisRunner has terminated.
Mono: successfully reloaded assembly
- Completed reload, in  0.667 seconds
Platform modules already initialized, skipping
Shader 'Universal Render Pipeline/Particles/Lit': fallback shader 'Universal Render Pipeline/Particles/SimpleLit' not found
Refreshing native plugins compatible for Editor in 0.38 ms, found 0 plugins.
Preloading 0 native plugins for Editor in 0.00 ms.
Unloading 2307 Unused Serialized files (Serialized files now loaded: 0)
System memory in use before: 193.5 MB.
System memory in use after: 193.7 MB.

Unloading 6 unused Assets to reduce memory usage. Loaded Objects now: 2883.
Total: 1.767100 ms (FindLiveObjects: 0.213800 ms CreateObjectMapping: 0.087600 ms MarkObjects: 1.414900 ms  DeleteObjects: 0.049900 ms)

========================================================================
Received Import Request.
  Time since last request: 263.503591 seconds.
  path: Assets/Scenes/Levels/Level 1.unity
  artifactKey: Guid(8b8674470448a774984ee6250e6ff552) Importer(815301076,1909f56bfc062723c751e8b465ee728b)
Start importing Assets/Scenes/Levels/Level 1.unity using Guid(8b8674470448a774984ee6250e6ff552) Importer(815301076,1909f56bfc062723c751e8b465ee728b)  -> (artifact id: '87dc18a90fe40e53a9f6ea00eb8b4577') in 0.027565 seconds
  Import took 0.030932 seconds .

========================================================================
Received Import Request.
  Time since last request: 27.539298 seconds.
  path: Assets/Scenes/Levels/Level 2.unity
  artifactKey: Guid(04ce88285dd826048ae57f755c192883) Importer(815301076,1909f56bfc062723c751e8b465ee728b)
Start importing Assets/Scenes/Levels/Level 2.unity using Guid(04ce88285dd826048ae57f755c192883) Importer(815301076,1909f56bfc062723c751e8b465ee728b)  -> (artifact id: 'b75c225b55385b2031d85d2a62f13a11') in 0.005903 seconds
  Import took 0.009271 seconds .

========================================================================
Received Import Request.
  Time since last request: 1.457070 seconds.
  path: Assets/Scenes/Levels/Tutorial.unity
  artifactKey: Guid(85565a52a225690438c0fd5c2f7e0873) Importer(815301076,1909f56bfc062723c751e8b465ee728b)
Start importing Assets/Scenes/Levels/Tutorial.unity using Guid(85565a52a225690438c0fd5c2f7e0873) Importer(815301076,1909f56bfc062723c751e8b465ee728b)  -> (artifact id: '0d95464030a37c31e164d34f7e1d54b8') in 0.004909 seconds
  Import took 0.008995 seconds .

========================================================================
Received Prepare
Registering precompiled user dll's ...
Registered in 0.001666 seconds.
Begin MonoManager ReloadAssembly
Native extension for WindowsStandalone target not found
Refreshing native plugins compatible for Editor in 0.38 ms, found 0 plugins.
Preloading 0 native plugins for Editor in 0.00 ms.
Invoked RoslynAnalysisRunner static constructor.
RoslynAnalysisRunner will not be running.
RoslynAnalysisRunner has terminated.
Mono: successfully reloaded assembly
- Completed reload, in  0.681 seconds
Platform modules already initialized, skipping
Shader 'Universal Render Pipeline/Particles/Lit': fallback shader 'Universal Render Pipeline/Particles/SimpleLit' not found
Refreshing native plugins compatible for Editor in 0.61 ms, found 0 plugins.
Preloading 0 native plugins for Editor in 0.00 ms.
Unloading 2307 Unused Serialized files (Serialized files now loaded: 0)
System memory in use before: 193.5 MB.
System memory in use after: 193.7 MB.

Unloading 6 unused Assets to reduce memory usage. Loaded Objects now: 2885.
Total: 2.148900 ms (FindLiveObjects: 0.317500 ms CreateObjectMapping: 0.138200 ms MarkObjects: 1.642300 ms  DeleteObjects: 0.050100 ms)

========================================================================
Received Prepare
Registering precompiled user dll's ...
Registered in 0.001066 seconds.
Begin MonoManager ReloadAssembly
Native extension for WindowsStandalone target not found
Refreshing native plugins compatible for Editor in 0.36 ms, found 0 plugins.
Preloading 0 native plugins for Editor in 0.00 ms.
Invoked RoslynAnalysisRunner static constructor.
RoslynAnalysisRunner will not be running.
RoslynAnalysisRunner has terminated.
Mono: successfully reloaded assembly
- Completed reload, in  0.652 seconds
Platform modules already initialized, skipping
Shader 'Universal Render Pipeline/Particles/Lit': fallback shader 'Universal Render Pipeline/Particles/SimpleLit' not found
Refreshing native plugins compatible for Editor in 0.46 ms, found 0 plugins.
Preloading 0 native plugins for Editor in 0.00 ms.
Unloading 2307 Unused Serialized files (Serialized files now loaded: 0)
System memory in use before: 193.6 MB.
System memory in use after: 193.8 MB.

Unloading 6 unused Assets to reduce memory usage. Loaded Objects now: 2887.
Total: 2.149300 ms (FindLiveObjects: 0.408100 ms CreateObjectMapping: 0.112700 ms MarkObjects: 1.539200 ms  DeleteObjects: 0.088400 ms)

========================================================================
Received Import Request.
  Time since last request: 230.594559 seconds.
  path: Assets/Materials/Tile_Large 3.mat
  artifactKey: Guid(2cf14a39f51144441b32217749a66d97) Importer(815301076,1909f56bfc062723c751e8b465ee728b)
Start importing Assets/Materials/Tile_Large 3.mat using Guid(2cf14a39f51144441b32217749a66d97) Importer(815301076,1909f56bfc062723c751e8b465ee728b)  -> (artifact id: '539b5a3dd16d8fc52c367a14233dbb47') in 0.064490 seconds
  Import took 0.067773 seconds .

AssetImportWorkerClient::OnTransportError - code=2 error=End of file
